<?xml version="1.0" encoding="UTF-8"?>
<testng-results skipped="0" failed="0" total="2" passed="2">
  <reporter-output>
  </reporter-output>
  <suite name="OHRM" duration-ms="19414" started-at="2017-07-07T03:02:25Z" finished-at="2017-07-07T03:02:45Z">
    <groups>
    </groups>
    <test name="Smoke" duration-ms="19414" started-at="2017-07-07T03:02:25Z" finished-at="2017-07-07T03:02:45Z">
      <class name="testng.AddEmployee">
        <test-method status="PASS" signature="appLaunch()[pri:0, instance:testng.AddEmployee@18e8568]" name="appLaunch" is-config="true" duration-ms="23392" started-at="2017-07-07T08:32:02Z" finished-at="2017-07-07T08:32:25Z">
          <reporter-output>
          </reporter-output>
        </test-method> <!-- appLaunch -->
        <test-method status="PASS" signature="appLogin()[pri:0, instance:testng.AddEmployee@18e8568]" name="appLogin" is-config="true" duration-ms="3017" started-at="2017-07-07T08:32:25Z" finished-at="2017-07-07T08:32:28Z">
          <reporter-output>
          </reporter-output>
        </test-method> <!-- appLogin -->
        <test-method status="PASS" signature="addEmp()[pri:0, instance:testng.AddEmployee@18e8568]" name="addEmp" duration-ms="8624" started-at="2017-07-07T08:32:28Z" finished-at="2017-07-07T08:32:37Z">
          <reporter-output>
          </reporter-output>
        </test-method> <!-- addEmp -->
        <test-method status="PASS" signature="appLogout()[pri:0, instance:testng.AddEmployee@18e8568]" name="appLogout" is-config="true" duration-ms="3238" started-at="2017-07-07T08:32:41Z" finished-at="2017-07-07T08:32:45Z">
          <reporter-output>
          </reporter-output>
        </test-method> <!-- appLogout -->
        <test-method status="FAIL" signature="appClose()[pri:0, instance:testng.AddEmployee@18e8568]" name="appClose" is-config="true" duration-ms="0" started-at="2017-07-07T08:32:45Z" finished-at="2017-07-07T08:32:45Z">
          <exception class="java.lang.RuntimeException">
            <message>
              <![CDATA[Process refused to die after 10 seconds, and couldn't taskkill it: Unable to find executable for: taskkill]]>
            </message>
            <full-stacktrace>
              <![CDATA[java.lang.RuntimeException: Process refused to die after 10 seconds, and couldn't taskkill it: Unable to find executable for: taskkill
	at org.openqa.selenium.os.ProcessUtils.killWinProcess(ProcessUtils.java:142)
	at org.openqa.selenium.os.ProcessUtils.killProcess(ProcessUtils.java:81)
	at org.openqa.selenium.os.UnixProcess$SeleniumWatchDog.destroyHarder(UnixProcess.java:247)
	at org.openqa.selenium.os.UnixProcess$SeleniumWatchDog.access$2(UnixProcess.java:246)
	at org.openqa.selenium.os.UnixProcess.destroy(UnixProcess.java:125)
	at org.openqa.selenium.os.CommandLine.destroy(CommandLine.java:155)
	at org.openqa.selenium.firefox.FirefoxBinary.quit(FirefoxBinary.java:246)
	at org.openqa.selenium.firefox.internal.NewProfileExtensionConnection.quit(NewProfileExtensionConnection.java:194)
	at org.openqa.selenium.firefox.FirefoxDriver$LazyCommandExecutor.quit(FirefoxDriver.java:364)
	at org.openqa.selenium.firefox.FirefoxDriver.stopClient(FirefoxDriver.java:310)
	at org.openqa.selenium.remote.RemoteWebDriver.quit(RemoteWebDriver.java:529)
	at testng.OrangeHRM.appClose(OrangeHRM.java:40)
	at sun.reflect.NativeMethodAccessorImpl.invoke0(Native Method)
	at sun.reflect.NativeMethodAccessorImpl.invoke(NativeMethodAccessorImpl.java:62)
	at sun.reflect.DelegatingMethodAccessorImpl.invoke(DelegatingMethodAccessorImpl.java:43)
	at java.lang.reflect.Method.invoke(Method.java:498)
	at org.testng.internal.MethodInvocationHelper.invokeMethod(MethodInvocationHelper.java:85)
	at org.testng.internal.Invoker.invokeConfigurationMethod(Invoker.java:510)
	at org.testng.internal.Invoker.invokeConfigurations(Invoker.java:211)
	at org.testng.internal.Invoker.invokeConfigurations(Invoker.java:138)
	at org.testng.SuiteRunner.privateRun(SuiteRunner.java:329)
	at org.testng.SuiteRunner.run(SuiteRunner.java:261)
	at org.testng.SuiteRunnerWorker.runSuite(SuiteRunnerWorker.java:52)
	at org.testng.SuiteRunnerWorker.run(SuiteRunnerWorker.java:86)
	at org.testng.TestNG.runSuitesSequentially(TestNG.java:1215)
	at org.testng.TestNG.runSuitesLocally(TestNG.java:1140)
	at org.testng.TestNG.run(TestNG.java:1048)
	at org.testng.TestNG.privateMain(TestNG.java:1355)
	at org.testng.TestNG.main(TestNG.java:1324)
Caused by: java.lang.NullPointerException: Unable to find executable for: taskkill
	at com.google.common.base.Preconditions.checkNotNull(Preconditions.java:251)
	at org.openqa.selenium.os.UnixProcess.<init>(UnixProcess.java:62)
	at org.openqa.selenium.os.CommandLine.<init>(CommandLine.java:38)
	at org.openqa.selenium.os.WindowsUtils.killPID(WindowsUtils.java:178)
	at org.openqa.selenium.os.ProcessUtils.killWinProcess(ProcessUtils.java:138)
	... 28 more
]]>
            </full-stacktrace>
          </exception> <!-- java.lang.RuntimeException -->
          <reporter-output>
          </reporter-output>
        </test-method> <!-- appClose -->
      </class> <!-- testng.AddEmployee -->
      <class name="testng.EmpListTest">
        <test-method status="PASS" signature="empList()[pri:0, instance:testng.EmpListTest@33e5ccce]" name="empList" duration-ms="4495" started-at="2017-07-07T08:32:37Z" finished-at="2017-07-07T08:32:41Z">
          <reporter-output>
          </reporter-output>
        </test-method> <!-- empList -->
      </class> <!-- testng.EmpListTest -->
    </test> <!-- Smoke -->
  </suite> <!-- OHRM -->
</testng-results>
